<?xml version="1.0" encoding="UTF-8"?>
<testng-results ignored="0" total="1" passed="1" failed="0" skipped="0">
  <reporter-output>
  </reporter-output>
  <suite started-at="2026-03-15T18:09:29 IST" name="Default suite" finished-at="2026-03-15T18:09:46 IST" duration-ms="16695">
    <groups>
    </groups>
    <test started-at="2026-03-15T18:09:29 IST" name="Default test" finished-at="2026-03-15T18:09:46 IST" duration-ms="16695">
      <class name="bankingwebsite.customerlogin">
        <test-method signature="custo()[pri:0, instance:bankingwebsite.customerlogin@4550bb58]" started-at="2026-03-15T18:09:29 IST" name="custo" finished-at="2026-03-15T18:09:46 IST" duration-ms="16680" status="PASS">
          <reporter-output>
          </reporter-output>
        </test-method> <!-- custo -->
      </class> <!-- bankingwebsite.customerlogin -->
    </test> <!-- Default test -->
  </suite> <!-- Default suite -->
</testng-results>
